<?xml version="1.0" encoding="UTF-8"?>
<testng-results skipped="0" failed="0" ignored="0" total="1" passed="1">
  <reporter-output>
  </reporter-output>
  <suite name="Sheath Suite" duration-ms="64" started-at="2019-11-09T23:48:30Z" finished-at="2019-11-09T23:48:30Z">
    <groups>
    </groups>
    <test name="Regression Suite" duration-ms="64" started-at="2019-11-09T23:48:30Z" finished-at="2019-11-09T23:48:30Z">
      <class name="com.sheath.tests.TestSample">
        <test-method status="PASS" signature="test()[pri:0, instance:com.sheath.tests.TestSample@5e3a8624]" name="test" duration-ms="15" started-at="2019-11-09T23:48:30Z" finished-at="2019-11-09T23:48:30Z">
          <reporter-output>
          </reporter-output>
        </test-method> <!-- test -->
      </class> <!-- com.sheath.tests.TestSample -->
    </test> <!-- Regression Suite -->
  </suite> <!-- Sheath Suite -->
</testng-results>
